Using pre-set license
Built from '2022.3/staging' branch; Version is '2022.3.7f1 (b16b3b16c7a0) revision 11627323'; Using compiler version '192829333'; Build Type 'Release'
OS: 'Windows 10  (10.0.19045) 64bit CoreSingleLanguage' Language: 'pt' Physical Memory: 4006 MB
BatchMode: 1, IsHumanControllingUs: 0, StartBugReporterOnCrash: 0, Is64bit: 1, IsPro: 1

COMMAND LINE ARGUMENTS:
C:\Program Files\Unity\Hub\Editor\2022.3.7f1\Editor\Unity.exe
-adb2
-batchMode
-noUpm
-name
AssetImportWorker0
-projectPath
C:/Users/Gustavo r. Guimarães/Downloads/Atividade 30_08_2023
-logFile
Logs/AssetImportWorker0.log
-srvPort
63371
Successfully changed project path to: C:/Users/Gustavo r. Guimarães/Downloads/Atividade 30_08_2023
C:/Users/Gustavo r. Guimarães/Downloads/Atividade 30_08_2023
[UnityMemory] Configuration Parameters - Can be set up in boot.config
    "memorysetup-bucket-allocator-granularity=16"
    "memorysetup-bucket-allocator-bucket-count=8"
    "memorysetup-bucket-allocator-block-size=33554432"
    "memorysetup-bucket-allocator-block-count=8"
    "memorysetup-main-allocator-block-size=16777216"
    "memorysetup-thread-allocator-block-size=16777216"
    "memorysetup-gfx-main-allocator-block-size=16777216"
    "memorysetup-gfx-thread-allocator-block-size=16777216"
    "memorysetup-cache-allocator-block-size=4194304"
    "memorysetup-typetree-allocator-block-size=2097152"
    "memorysetup-profiler-bucket-allocator-granularity=16"
    "memorysetup-profiler-bucket-allocator-bucket-count=8"
    "memorysetup-profiler-bucket-allocator-block-size=33554432"
    "memorysetup-profiler-bucket-allocator-block-count=8"
    "memorysetup-profiler-allocator-block-size=16777216"
    "memorysetup-profiler-editor-allocator-block-size=1048576"
    "memorysetup-temp-allocator-size-main=16777216"
    "memorysetup-job-temp-allocator-block-size=2097152"
    "memorysetup-job-temp-allocator-block-size-background=1048576"
    "memorysetup-job-temp-allocator-reduction-small-platforms=262144"
    "memorysetup-allocator-temp-initial-block-size-main=262144"
    "memorysetup-allocator-temp-initial-block-size-worker=262144"
    "memorysetup-temp-allocator-size-background-worker=32768"
    "memorysetup-temp-allocator-size-job-worker=262144"
    "memorysetup-temp-allocator-size-preload-manager=33554432"
    "memorysetup-temp-allocator-size-nav-mesh-worker=65536"
    "memorysetup-temp-allocator-size-audio-worker=65536"
    "memorysetup-temp-allocator-size-cloud-worker=32768"
    "memorysetup-temp-allocator-size-gi-baking-worker=262144"
    "memorysetup-temp-allocator-size-gfx=262144"
Player connection [13068] Host "[IP] 192.168.140.1 [Port] 0 [Flags] 2 [Guid] 540160262 [EditorId] 540160262 [Version] 1048832 [Id] WindowsEditor(7,DESKTOP-REEIU4C) [Debug] 1 [PackageName] WindowsEditor [ProjectName] Editor" joined multi-casting on [225.0.0.222:54997]...

Player connection [13068] Host "[IP] 192.168.140.1 [Port] 0 [Flags] 2 [Guid] 540160262 [EditorId] 540160262 [Version] 1048832 [Id] WindowsEditor(7,DESKTOP-REEIU4C) [Debug] 1 [PackageName] WindowsEditor [ProjectName] Editor" joined alternative multi-casting on [225.0.0.222:34997]...

Refreshing native plugins compatible for Editor in 123.28 ms, found 3 plugins.
Preloading 0 native plugins for Editor in 0.00 ms.
Initialize engine version: 2022.3.7f1 (b16b3b16c7a0)
[Subsystems] Discovering subsystems at path C:/Program Files/Unity/Hub/Editor/2022.3.7f1/Editor/Data/Resources/UnitySubsystems
[Subsystems] Discovering subsystems at path C:/Users/Gustavo r. Guimarães/Downloads/Atividade 30_08_2023/Assets
GfxDevice: creating device client; threaded=0; jobified=0
Direct3D:
    Version:  Direct3D 11.0 [level 11.1]
    Renderer: Intel(R) HD Graphics 610 (ID=0x5906)
    Vendor:   Intel
    VRAM:     2003 MB
    Driver:   23.20.16.4849
Initialize mono
Mono path[0] = 'C:/Program Files/Unity/Hub/Editor/2022.3.7f1/Editor/Data/Managed'
Mono path[1] = 'C:/Program Files/Unity/Hub/Editor/2022.3.7f1/Editor/Data/MonoBleedingEdge/lib/mono/unityjit-win32'
Mono config path = 'C:/Program Files/Unity/Hub/Editor/2022.3.7f1/Editor/Data/MonoBleedingEdge/etc'
Using monoOptions --debugger-agent=transport=dt_socket,embedding=1,server=y,suspend=n,address=127.0.0.1:56816
Begin MonoManager ReloadAssembly
Registering precompiled unity dll's ...
Register platform support module: C:/Program Files/Unity/Hub/Editor/2022.3.7f1/Editor/Data/PlaybackEngines/WebGLSupport/UnityEditor.WebGL.Extensions.dll
Register platform support module: C:/Program Files/Unity/Hub/Editor/2022.3.7f1/Editor/Data/PlaybackEngines/WindowsStandaloneSupport/UnityEditor.WindowsStandalone.Extensions.dll
Registered in 0.034646 seconds.
- Loaded All Assemblies, in  1.940 seconds
Native extension for WindowsStandalone target not found
Native extension for WebGL target not found
Mono: successfully reloaded assembly
- Finished resetting the current domain, in  0.926 seconds
Domain Reload Profiling: 2865ms
	BeginReloadAssembly (691ms)
		ExecutionOrderSort (1ms)
		DisableScriptedObjects (0ms)
		BackupInstance (0ms)
		ReleaseScriptingObjects (0ms)
		CreateAndSetChildDomain (6ms)
	RebuildCommonClasses (136ms)
	RebuildNativeTypeToScriptingClass (40ms)
	initialDomainReloadingComplete (188ms)
	LoadAllAssembliesAndSetupDomain (880ms)
		LoadAssemblies (675ms)
		RebuildTransferFunctionScriptingTraits (0ms)
		AnalyzeDomain (870ms)
			TypeCache.Refresh (765ms)
				TypeCache.ScanAssembly (444ms)
			ScanForSourceGeneratedMonoScriptInfo (31ms)
			ResolveRequiredComponents (72ms)
	FinalizeReload (929ms)
		ReleaseScriptCaches (0ms)
		RebuildScriptCaches (0ms)
		SetupLoadedEditorAssemblies (746ms)
			LogAssemblyErrors (0ms)
			InitializePlatformSupportModulesInManaged (40ms)
			SetLoadedEditorAssemblies (31ms)
			RefreshPlugins (0ms)
			BeforeProcessingInitializeOnLoad (11ms)
			ProcessInitializeOnLoadAttributes (506ms)
			ProcessInitializeOnLoadMethodAttributes (156ms)
			AfterProcessingInitializeOnLoad (0ms)
			EditorAssembliesLoaded (1ms)
		ExecutionOrderSort2 (0ms)
		AwakeInstancesAfterBackupRestoration (0ms)
========================================================================
Worker process is ready to serve import requests
Begin MonoManager ReloadAssembly
Symbol file LoadedFromMemory doesn't match image C:\Users\Gustavo r. Guimarães\Downloads\Atividade 30_08_2023\Library\PackageCache\com.unity.visualscripting@1.8.0\Editor\VisualScripting.Core\Dependencies\YamlDotNet\Unity.VisualScripting.YamlDotNet.dll
Symbol file LoadedFromMemory doesn't match image C:\Users\Gustavo r. Guimarães\Downloads\Atividade 30_08_2023\Library\PackageCache\com.unity.visualscripting@1.8.0\Editor\VisualScripting.Core\Dependencies\DotNetZip\Unity.VisualScripting.IonicZip.dll
- Loaded All Assemblies, in  8.074 seconds
Refreshing native plugins compatible for Editor in 26.95 ms, found 3 plugins.
Native extension for WindowsStandalone target not found
Native extension for WebGL target not found
Mono: successfully reloaded assembly
- Finished resetting the current domain, in  9.975 seconds
Domain Reload Profiling: 18057ms
	BeginReloadAssembly (593ms)
		ExecutionOrderSort (0ms)
		DisableScriptedObjects (16ms)
		BackupInstance (0ms)
		ReleaseScriptingObjects (0ms)
		CreateAndSetChildDomain (51ms)
	RebuildCommonClasses (85ms)
	RebuildNativeTypeToScriptingClass (32ms)
	initialDomainReloadingComplete (108ms)
	LoadAllAssembliesAndSetupDomain (7255ms)
		LoadAssemblies (2638ms)
		RebuildTransferFunctionScriptingTraits (0ms)
		AnalyzeDomain (5006ms)
			TypeCache.Refresh (4816ms)
				TypeCache.ScanAssembly (4707ms)
			ScanForSourceGeneratedMonoScriptInfo (90ms)
			ResolveRequiredComponents (74ms)
	FinalizeReload (9983ms)
		ReleaseScriptCaches (0ms)
		RebuildScriptCaches (0ms)
		SetupLoadedEditorAssemblies (7017ms)
			LogAssemblyErrors (0ms)
			InitializePlatformSupportModulesInManaged (313ms)
			SetLoadedEditorAssemblies (113ms)
			RefreshPlugins (0ms)
			BeforeProcessingInitializeOnLoad (1094ms)
			ProcessInitializeOnLoadAttributes (4812ms)
			ProcessInitializeOnLoadMethodAttributes (484ms)
			AfterProcessingInitializeOnLoad (195ms)
			EditorAssembliesLoaded (4ms)
		ExecutionOrderSort2 (0ms)
		AwakeInstancesAfterBackupRestoration (137ms)
Launched and connected shader compiler UnityShaderCompiler.exe after 1.51 seconds
Refreshing native plugins compatible for Editor in 259.82 ms, found 3 plugins.
Preloading 0 native plugins for Editor in 0.00 ms.
Unloading 3066 Unused Serialized files (Serialized files now loaded: 0)
Unloading 31 unused Assets / (56.4 KB). Loaded Objects now: 3528.
Memory consumption went from 113.7 MB to 113.6 MB.
Total: 49.116700 ms (FindLiveObjects: 8.236700 ms CreateObjectMapping: 0.838500 ms MarkObjects: 38.978900 ms  DeleteObjects: 1.055700 ms)

AssetImportParameters requested are different than current active one (requested -> active):
  custom:container-demuxer-ogg: 62fdf1f143b41e24485cea50d1cbac27 -> 
  custom:video-decoder-ogg-theora: a1e56fd34408186e4bbccfd4996cb3dc -> 
  custom:framework-win-MediaFoundation: 216162199b28c13a410421893ffa2e32 -> 
  custom:CustomObjectIndexerAttribute: 756ad292c208cfabdd7b50bc23989ffe -> 
  custom:container-demuxer-webm: 4f35f7cbe854078d1ac9338744f61a02 -> 
  custom:container-muxer-webm: aa71ff27fc2769a1b78a27578f13a17b -> 
  custom:video-decoder-webm-vp8: 9c59270c3fd7afecdb556c50c9e8de78 -> 
  custom:SearchIndexIgnoredProperties: e643bd26f0fe6173181afceb89e7c659 -> 
  custom:AudioImporter_EditorPlatform: d09bf68614088b80899f8185d706f6e7 -> 
  custom:video-encoder-webm-vp8: eb34c28f22e8b96e1ab97ce403110664 -> 
  custom:audio-decoder-ogg-vorbis: bf7c407c2cedff20999df2af8eb42d56 -> 
  custom:audio-encoder-webm-vorbis: bf7c407c2cedff20999df2af8eb42d56 -> 
========================================================================
Received Import Request.
  Time since last request: 716443.517928 seconds.
  path: Assets/woodbox_texture.jpg
  artifactKey: Guid(4ee39a32b28ed7e4993632f4d47d3f95) Importer(815301076,1909f56bfc062723c751e8b465ee728b)
Start importing Assets/woodbox_texture.jpg using Guid(4ee39a32b28ed7e4993632f4d47d3f95) Importer(815301076,1909f56bfc062723c751e8b465ee728b)  -> (artifact id: '29a0135423fa7c2ac14760690a575694') in 1.343201 seconds
Number of updated asset objects reloaded before import = 0
Number of asset objects unloaded after import = 2
========================================================================
Received Import Request.
  Time since last request: 197.108724 seconds.
  path: Assets/Materials
  artifactKey: Guid(2a514f348c28ac241a63a1df3bb3cb31) Importer(815301076,1909f56bfc062723c751e8b465ee728b)
Start importing Assets/Materials using Guid(2a514f348c28ac241a63a1df3bb3cb31) Importer(815301076,1909f56bfc062723c751e8b465ee728b)  -> (artifact id: 'addeb6d1de441dc015d14892cf331f68') in 0.003283 seconds
Number of updated asset objects reloaded before import = 0
Number of asset objects unloaded after import = 0
========================================================================
Received Import Request.
  Time since last request: 0.032869 seconds.
  path: Assets/Materials/woodbox_texture.mat
  artifactKey: Guid(8abd455c904ef43489feb20465dc0dca) Importer(815301076,1909f56bfc062723c751e8b465ee728b)
Start importing Assets/Materials/woodbox_texture.mat using Guid(8abd455c904ef43489feb20465dc0dca) Importer(815301076,1909f56bfc062723c751e8b465ee728b)  -> (artifact id: '915be9dbc52a090273a9eab0fb4a98e9') in 4.495710 seconds
Number of updated asset objects reloaded before import = 0
Number of asset objects unloaded after import = 2
========================================================================
Received Import Request.
  Time since last request: 341.685675 seconds.
  path: Assets/Materials/NewSurfaceShader.shader
  artifactKey: Guid(21a29d0bf2dc76146aacfa8b7fa0a66b) Importer(815301076,1909f56bfc062723c751e8b465ee728b)
Start importing Assets/Materials/NewSurfaceShader.shader using Guid(21a29d0bf2dc76146aacfa8b7fa0a66b) Importer(815301076,1909f56bfc062723c751e8b465ee728b)  -> (artifact id: 'c197df368acd4600055562347a7ce0d6') in 0.135484 seconds
Number of updated asset objects reloaded before import = 0
Number of asset objects unloaded after import = 1
========================================================================
Received Import Request.
  Time since last request: 36.247743 seconds.
  path: Assets/Materials/New Material.mat
  artifactKey: Guid(471a50c92d57dfb4788ac9e4c4321598) Importer(815301076,1909f56bfc062723c751e8b465ee728b)
Start importing Assets/Materials/New Material.mat using Guid(471a50c92d57dfb4788ac9e4c4321598) Importer(815301076,1909f56bfc062723c751e8b465ee728b)  -> (artifact id: 'd5e17da49ab77130d477692d9ea02c20') in 1.304559 seconds
Number of updated asset objects reloaded before import = 0
Number of asset objects unloaded after import = 1
========================================================================
Received Import Request.
  Time since last request: 2.371204 seconds.
  path: Assets/Materials/A.mat
  artifactKey: Guid(471a50c92d57dfb4788ac9e4c4321598) Importer(815301076,1909f56bfc062723c751e8b465ee728b)
Start importing Assets/Materials/A.mat using Guid(471a50c92d57dfb4788ac9e4c4321598) Importer(815301076,1909f56bfc062723c751e8b465ee728b)  -> (artifact id: '35093f5e53f73c9bbca67721a0b19fa7') in 0.160508 seconds
Number of updated asset objects reloaded before import = 0
Number of asset objects unloaded after import = 1
========================================================================
Received Import Request.
  Time since last request: 0.390505 seconds.
  path: Assets/Materials/NewSurfaceShader.shader
  artifactKey: Guid(21a29d0bf2dc76146aacfa8b7fa0a66b) Importer(815301076,1909f56bfc062723c751e8b465ee728b)
Start importing Assets/Materials/NewSurfaceShader.shader using Guid(21a29d0bf2dc76146aacfa8b7fa0a66b) Importer(815301076,1909f56bfc062723c751e8b465ee728b)  -> (artifact id: 'bc93db2e05d0ccc0e750bc9be3e22dbb') in 0.003864 seconds
Number of updated asset objects reloaded before import = 0
Number of asset objects unloaded after import = 1
========================================================================
Received Import Request.
  Time since last request: 1.688826 seconds.
  path: Assets/Materials/A.shader
  artifactKey: Guid(21a29d0bf2dc76146aacfa8b7fa0a66b) Importer(815301076,1909f56bfc062723c751e8b465ee728b)
Start importing Assets/Materials/A.shader using Guid(21a29d0bf2dc76146aacfa8b7fa0a66b) Importer(815301076,1909f56bfc062723c751e8b465ee728b)  -> (artifact id: '264cace2707d574174a6a53b70bbe496') in 0.034968 seconds
Number of updated asset objects reloaded before import = 0
Number of asset objects unloaded after import = 1
========================================================================
Received Import Request.
  Time since last request: 60.770662 seconds.
  path: Assets/Materials/NewSurfaceShader.shader
  artifactKey: Guid(d275c4ffc583a854ebb3aad6ac87f983) Importer(815301076,1909f56bfc062723c751e8b465ee728b)
Start importing Assets/Materials/NewSurfaceShader.shader using Guid(d275c4ffc583a854ebb3aad6ac87f983) Importer(815301076,1909f56bfc062723c751e8b465ee728b)  -> (artifact id: '87f99770deedae333f7a7b529e679bd6') in 0.017629 seconds
Number of updated asset objects reloaded before import = 0
Number of asset objects unloaded after import = 1
========================================================================
Received Import Request.
  Time since last request: 9.809156 seconds.
  path: Assets/Materials/NewSurfaceShader.shader
  artifactKey: Guid(d275c4ffc583a854ebb3aad6ac87f983) Importer(815301076,1909f56bfc062723c751e8b465ee728b)
Start importing Assets/Materials/NewSurfaceShader.shader using Guid(d275c4ffc583a854ebb3aad6ac87f983) Importer(815301076,1909f56bfc062723c751e8b465ee728b)  -> (artifact id: '28454003d5c8bd336e730fded6c93265') in 0.006190 seconds
Number of updated asset objects reloaded before import = 0
Number of asset objects unloaded after import = 1
========================================================================
Received Import Request.
  Time since last request: 1.952784 seconds.
  path: Assets/Materials/B.shader
  artifactKey: Guid(d275c4ffc583a854ebb3aad6ac87f983) Importer(815301076,1909f56bfc062723c751e8b465ee728b)
Start importing Assets/Materials/B.shader using Guid(d275c4ffc583a854ebb3aad6ac87f983) Importer(815301076,1909f56bfc062723c751e8b465ee728b)  -> (artifact id: '6c08f46424e90433134c4cb0fad47256') in 0.003495 seconds
Number of updated asset objects reloaded before import = 0
Number of asset objects unloaded after import = 1
========================================================================
Received Import Request.
  Time since last request: 41.861676 seconds.
  path: Assets/Materials/New Material.mat
  artifactKey: Guid(8b1901c9e898bf44e8ab58d2e787b8ac) Importer(815301076,1909f56bfc062723c751e8b465ee728b)
Start importing Assets/Materials/New Material.mat using Guid(8b1901c9e898bf44e8ab58d2e787b8ac) Importer(815301076,1909f56bfc062723c751e8b465ee728b)  -> (artifact id: '06615981a746a8b96f98de013e271d0b') in 0.146551 seconds
Number of updated asset objects reloaded before import = 0
Number of asset objects unloaded after import = 1
========================================================================
Received Import Request.
  Time since last request: 34.967741 seconds.
  path: Assets/Materials/woodbox_texture.jpg
  artifactKey: Guid(20183367dcebd634f81d60c2c33dc96f) Importer(815301076,1909f56bfc062723c751e8b465ee728b)
Start importing Assets/Materials/woodbox_texture.jpg using Guid(20183367dcebd634f81d60c2c33dc96f) Importer(815301076,1909f56bfc062723c751e8b465ee728b)  -> (artifact id: 'e2899f593a8d7720c5e400eea856aa28') in 0.479870 seconds
Number of updated asset objects reloaded before import = 0
Number of asset objects unloaded after import = 2
========================================================================
Received Import Request.
  Time since last request: 0.000959 seconds.
  path: Assets/Materials/woodbox_texture.mat
  artifactKey: Guid(8abd455c904ef43489feb20465dc0dca) Importer(815301076,1909f56bfc062723c751e8b465ee728b)
Start importing Assets/Materials/woodbox_texture.mat using Guid(8abd455c904ef43489feb20465dc0dca) Importer(815301076,1909f56bfc062723c751e8b465ee728b)  -> (artifact id: 'cac8210e6a37f9c4308095b9427bae39') in 0.755842 seconds
Number of updated asset objects reloaded before import = 0
Number of asset objects unloaded after import = 3
========================================================================
Received Import Request.
  Time since last request: 0.977376 seconds.
  path: Assets/Materials/woodbox_texture 1.jpg
  artifactKey: Guid(1c1fedc0f34ccc24ea0df3906038a0f5) Importer(815301076,1909f56bfc062723c751e8b465ee728b)
Start importing Assets/Materials/woodbox_texture 1.jpg using Guid(1c1fedc0f34ccc24ea0df3906038a0f5) Importer(815301076,1909f56bfc062723c751e8b465ee728b)  -> (artifact id: '092e18aa9c09fcffe559997b66ebbc0b') in 0.092680 seconds
Number of updated asset objects reloaded before import = 0
Number of asset objects unloaded after import = 2
========================================================================
Received Import Request.
  Time since last request: 5.061609 seconds.
  path: Assets/Materials/Materials
  artifactKey: Guid(b1775ed09b0e6a842aea4f11c4b4cbbe) Importer(815301076,1909f56bfc062723c751e8b465ee728b)
Start importing Assets/Materials/Materials using Guid(b1775ed09b0e6a842aea4f11c4b4cbbe) Importer(815301076,1909f56bfc062723c751e8b465ee728b)  -> (artifact id: '2753bfdab740aca72b7af0101c32174b') in 0.003495 seconds
Number of updated asset objects reloaded before import = 0
Number of asset objects unloaded after import = 0
========================================================================
Received Import Request.
  Time since last request: 16.535601 seconds.
  path: Assets/Materials/woodbox_texture 1.mat
  artifactKey: Guid(990332505e720b44db3f548ad54b636c) Importer(815301076,1909f56bfc062723c751e8b465ee728b)
Start importing Assets/Materials/woodbox_texture 1.mat using Guid(990332505e720b44db3f548ad54b636c) Importer(815301076,1909f56bfc062723c751e8b465ee728b)  -> (artifact id: '8fe6efc928b13a1abe3bfe3163cb8341') in 0.224146 seconds
Number of updated asset objects reloaded before import = 0
Number of asset objects unloaded after import = 3
========================================================================
Received Import Request.
  Time since last request: 0.559445 seconds.
  path: Assets/Materials/woodbox_texture 2.mat
  artifactKey: Guid(ae6e72f318a84f04facb6c1515964b74) Importer(815301076,1909f56bfc062723c751e8b465ee728b)
Start importing Assets/Materials/woodbox_texture 2.mat using Guid(ae6e72f318a84f04facb6c1515964b74) Importer(815301076,1909f56bfc062723c751e8b465ee728b)  -> (artifact id: '995139f61eaf6e704a163556b62584bf') in 0.169982 seconds
Number of updated asset objects reloaded before import = 0
Number of asset objects unloaded after import = 3
========================================================================
Received Import Request.
  Time since last request: 2.324172 seconds.
  path: Assets/Materials/A.mat
  artifactKey: Guid(8abd455c904ef43489feb20465dc0dca) Importer(815301076,1909f56bfc062723c751e8b465ee728b)
Start importing Assets/Materials/A.mat using Guid(8abd455c904ef43489feb20465dc0dca) Importer(815301076,1909f56bfc062723c751e8b465ee728b)  -> (artifact id: 'e73df33a874d093f8a58b581f91ca001') in 0.275846 seconds
Number of updated asset objects reloaded before import = 0
Number of asset objects unloaded after import = 3
========================================================================
Received Import Request.
  Time since last request: 1.997282 seconds.
  path: Assets/Materials/B.mat
  artifactKey: Guid(990332505e720b44db3f548ad54b636c) Importer(815301076,1909f56bfc062723c751e8b465ee728b)
Start importing Assets/Materials/B.mat using Guid(990332505e720b44db3f548ad54b636c) Importer(815301076,1909f56bfc062723c751e8b465ee728b)  -> (artifact id: 'c3a7c85980bdc6d9f48f3fda69a2ca40') in 0.296701 seconds
Number of updated asset objects reloaded before import = 0
Number of asset objects unloaded after import = 3
========================================================================
Received Import Request.
  Time since last request: 1.863555 seconds.
  path: Assets/Materials/C.mat
  artifactKey: Guid(ae6e72f318a84f04facb6c1515964b74) Importer(815301076,1909f56bfc062723c751e8b465ee728b)
Start importing Assets/Materials/C.mat using Guid(ae6e72f318a84f04facb6c1515964b74) Importer(815301076,1909f56bfc062723c751e8b465ee728b)  -> (artifact id: '3d7a55ba078e38fd5027c90fb233f3fb') in 0.235142 seconds
Number of updated asset objects reloaded before import = 0
Number of asset objects unloaded after import = 3
========================================================================
Received Import Request.
  Time since last request: 7.887033 seconds.
  path: Assets/Materials/C 1.mat
  artifactKey: Guid(74dddde82c9a81f43838703947b89ccc) Importer(815301076,1909f56bfc062723c751e8b465ee728b)
Start importing Assets/Materials/C 1.mat using Guid(74dddde82c9a81f43838703947b89ccc) Importer(815301076,1909f56bfc062723c751e8b465ee728b)  -> (artifact id: '1e8fa27ca8a47562574e715ba1ab65cb') in 0.176441 seconds
Number of updated asset objects reloaded before import = 0
Number of asset objects unloaded after import = 1
========================================================================
Received Import Request.
  Time since last request: 26.422324 seconds.
  path: Assets/Materials/NewSurfaceShader.shader
  artifactKey: Guid(ea7485a31a91d6440b840c46e44b1fd3) Importer(815301076,1909f56bfc062723c751e8b465ee728b)
Start importing Assets/Materials/NewSurfaceShader.shader using Guid(ea7485a31a91d6440b840c46e44b1fd3) Importer(815301076,1909f56bfc062723c751e8b465ee728b)  -> (artifact id: '8b92b3cb0d987bb2df89fadcb8140d70') in 0.018192 seconds
Number of updated asset objects reloaded before import = 0
Number of asset objects unloaded after import = 1
========================================================================
Received Import Request.
  Time since last request: 2.623071 seconds.
  path: Assets/Materials/C.shader
  artifactKey: Guid(ea7485a31a91d6440b840c46e44b1fd3) Importer(815301076,1909f56bfc062723c751e8b465ee728b)
Start importing Assets/Materials/C.shader using Guid(ea7485a31a91d6440b840c46e44b1fd3) Importer(815301076,1909f56bfc062723c751e8b465ee728b)  -> (artifact id: '4b88f8265aa4ec23b5e582e846e23789') in 0.004999 seconds
Number of updated asset objects reloaded before import = 0
Number of asset objects unloaded after import = 1
========================================================================
Received Import Request.
  Time since last request: 15.268002 seconds.
  path: Assets/Materials/C.shader
  artifactKey: Guid(ea7485a31a91d6440b840c46e44b1fd3) Importer(815301076,1909f56bfc062723c751e8b465ee728b)
Start importing Assets/Materials/C.shader using Guid(ea7485a31a91d6440b840c46e44b1fd3) Importer(815301076,1909f56bfc062723c751e8b465ee728b)  -> (artifact id: '4f1b5e07b42a560025640be179438f1d') in 0.003246 seconds
Number of updated asset objects reloaded before import = 0
Number of asset objects unloaded after import = 1
========================================================================
Received Import Request.
  Time since last request: 129.992676 seconds.
  path: Assets/Materials/C.shader
  artifactKey: Guid(ea7485a31a91d6440b840c46e44b1fd3) Importer(815301076,1909f56bfc062723c751e8b465ee728b)
Start importing Assets/Materials/C.shader using Guid(ea7485a31a91d6440b840c46e44b1fd3) Importer(815301076,1909f56bfc062723c751e8b465ee728b)  -> (artifact id: 'd80fe9d5035a5c4643924016244ebe44') in 0.007754 seconds
Number of updated asset objects reloaded before import = 0
Number of asset objects unloaded after import = 1
========================================================================
Received Import Request.
  Time since last request: 32.046028 seconds.
  path: Assets/Materials/A.mat
  artifactKey: Guid(8abd455c904ef43489feb20465dc0dca) Importer(815301076,1909f56bfc062723c751e8b465ee728b)
Start importing Assets/Materials/A.mat using Guid(8abd455c904ef43489feb20465dc0dca) Importer(815301076,1909f56bfc062723c751e8b465ee728b) Shader Custom/BlackWhiteA uses undefined Queue: 'Opaque'
Shader Custom/BlackWhiteA uses undefined Queue: 'Opaque'
 -> (artifact id: '893e8e8d6317737139bbff3e291d6e9d') in 1.060308 seconds
Number of updated asset objects reloaded before import = 0
Number of asset objects unloaded after import = 3
========================================================================
Received Import Request.
  Time since last request: 740.772958 seconds.
  path: Assets/Materials/B.shader
  artifactKey: Guid(d275c4ffc583a854ebb3aad6ac87f983) Importer(815301076,1909f56bfc062723c751e8b465ee728b)
Start importing Assets/Materials/B.shader using Guid(d275c4ffc583a854ebb3aad6ac87f983) Importer(815301076,1909f56bfc062723c751e8b465ee728b)  -> (artifact id: 'c66a9f35b30d17d07960143e8958261f') in 0.026863 seconds
Number of updated asset objects reloaded before import = 0
Number of asset objects unloaded after import = 1
========================================================================
Received Import Request.
  Time since last request: 11.465840 seconds.
  path: Assets/Materials/A.shader
  artifactKey: Guid(21a29d0bf2dc76146aacfa8b7fa0a66b) Importer(815301076,1909f56bfc062723c751e8b465ee728b)
Start importing Assets/Materials/A.shader using Guid(21a29d0bf2dc76146aacfa8b7fa0a66b) Importer(815301076,1909f56bfc062723c751e8b465ee728b) Shader Custom/BlackWhiteA uses undefined Queue: 'Opaque'
Shader Custom/BlackWhiteA uses undefined Queue: 'Opaque'
 -> (artifact id: 'b67ab4ca77b9e3e4201492723d477987') in 0.053401 seconds
Number of updated asset objects reloaded before import = 0
Number of asset objects unloaded after import = 1
========================================================================
Received Import Request.
  Time since last request: 56.096594 seconds.
  path: Assets/Materials/C.shader
  artifactKey: Guid(ea7485a31a91d6440b840c46e44b1fd3) Importer(815301076,1909f56bfc062723c751e8b465ee728b)
Start importing Assets/Materials/C.shader using Guid(ea7485a31a91d6440b840c46e44b1fd3) Importer(815301076,1909f56bfc062723c751e8b465ee728b)  -> (artifact id: '585827d1793d9b854d540bef84114e10') in 0.004461 seconds
Number of updated asset objects reloaded before import = 0
Number of asset objects unloaded after import = 1
========================================================================
Received Prepare
Begin MonoManager ReloadAssembly
Symbol file LoadedFromMemory doesn't match image C:\Users\Gustavo r. Guimarães\Downloads\Atividade 30_08_2023\Library\PackageCache\com.unity.visualscripting@1.8.0\Editor\VisualScripting.Core\Dependencies\YamlDotNet\Unity.VisualScripting.YamlDotNet.dll
Symbol file LoadedFromMemory doesn't match image C:\Users\Gustavo r. Guimarães\Downloads\Atividade 30_08_2023\Library\PackageCache\com.unity.visualscripting@1.8.0\Editor\VisualScripting.Core\Dependencies\DotNetZip\Unity.VisualScripting.IonicZip.dll
- Loaded All Assemblies, in  8.067 seconds
Refreshing native plugins compatible for Editor in 14.15 ms, found 3 plugins.
Native extension for WindowsStandalone target not found
Native extension for WebGL target not found
Mono: successfully reloaded assembly
- Finished resetting the current domain, in 29.067 seconds
Domain Reload Profiling: 37127ms
	BeginReloadAssembly (2381ms)
		ExecutionOrderSort (0ms)
		DisableScriptedObjects (89ms)
		BackupInstance (0ms)
		ReleaseScriptingObjects (7ms)
		CreateAndSetChildDomain (987ms)
	RebuildCommonClasses (125ms)
	RebuildNativeTypeToScriptingClass (34ms)
	initialDomainReloadingComplete (222ms)
	LoadAllAssembliesAndSetupDomain (5296ms)
		LoadAssemblies (5756ms)
		RebuildTransferFunctionScriptingTraits (0ms)
		AnalyzeDomain (183ms)
			TypeCache.Refresh (132ms)
				TypeCache.ScanAssembly (0ms)
			ScanForSourceGeneratedMonoScriptInfo (0ms)
			ResolveRequiredComponents (49ms)
	FinalizeReload (29068ms)
		ReleaseScriptCaches (0ms)
		RebuildScriptCaches (0ms)
		SetupLoadedEditorAssemblies (1047ms)
			LogAssemblyErrors (0ms)
			InitializePlatformSupportModulesInManaged (36ms)
			SetLoadedEditorAssemblies (29ms)
			RefreshPlugins (0ms)
			BeforeProcessingInitializeOnLoad (155ms)
			ProcessInitializeOnLoadAttributes (753ms)
			ProcessInitializeOnLoadMethodAttributes (56ms)
			AfterProcessingInitializeOnLoad (18ms)
			EditorAssembliesLoaded (0ms)
		ExecutionOrderSort2 (0ms)
		AwakeInstancesAfterBackupRestoration (21ms)
Refreshing native plugins compatible for Editor in 23.26 ms, found 3 plugins.
Preloading 0 native plugins for Editor in 0.00 ms.
Unloading 3061 Unused Serialized files (Serialized files now loaded: 0)
Unloading 24 unused Assets / (80.1 KB). Loaded Objects now: 3575.
Memory consumption went from 118.6 MB to 118.5 MB.
Total: 9.459100 ms (FindLiveObjects: 0.539200 ms CreateObjectMapping: 0.515300 ms MarkObjects: 8.138200 ms  DeleteObjects: 0.264100 ms)

Prepare: number of updated asset objects reloaded= 0
AssetImportParameters requested are different than current active one (requested -> active):
  custom:container-demuxer-ogg: 62fdf1f143b41e24485cea50d1cbac27 -> 
  custom:video-decoder-ogg-theora: a1e56fd34408186e4bbccfd4996cb3dc -> 
  custom:framework-win-MediaFoundation: 216162199b28c13a410421893ffa2e32 -> 
  custom:CustomObjectIndexerAttribute: 756ad292c208cfabdd7b50bc23989ffe -> 
  custom:container-demuxer-webm: 4f35f7cbe854078d1ac9338744f61a02 -> 
  custom:container-muxer-webm: aa71ff27fc2769a1b78a27578f13a17b -> 
  custom:video-decoder-webm-vp8: 9c59270c3fd7afecdb556c50c9e8de78 -> 
  custom:SearchIndexIgnoredProperties: e643bd26f0fe6173181afceb89e7c659 -> 
  custom:AudioImporter_EditorPlatform: d09bf68614088b80899f8185d706f6e7 -> 
  custom:video-encoder-webm-vp8: eb34c28f22e8b96e1ab97ce403110664 -> 
  custom:audio-decoder-ogg-vorbis: bf7c407c2cedff20999df2af8eb42d56 -> 
  custom:audio-encoder-webm-vorbis: bf7c407c2cedff20999df2af8eb42d56 -> 
========================================================================
Received Import Request.
  Time since last request: 159.062355 seconds.
  path: Assets/A
  artifactKey: Guid(2a514f348c28ac241a63a1df3bb3cb31) Importer(815301076,1909f56bfc062723c751e8b465ee728b)
Start importing Assets/A using Guid(2a514f348c28ac241a63a1df3bb3cb31) Importer(815301076,1909f56bfc062723c751e8b465ee728b)  -> (artifact id: 'b6fae268f8fe8fcbd8bca91d57b4f8d5') in 0.737830 seconds
Number of updated asset objects reloaded before import = 0
Number of asset objects unloaded after import = 0
========================================================================
Received Import Request.
  Time since last request: 69.753790 seconds.
  path: Assets/Scenes
  artifactKey: Guid(b427348f2ad5e87498e7e6f0e36c17cc) Importer(815301076,1909f56bfc062723c751e8b465ee728b)
Start importing Assets/Scenes using Guid(b427348f2ad5e87498e7e6f0e36c17cc) Importer(815301076,1909f56bfc062723c751e8b465ee728b)  -> (artifact id: '79ab782f853d00c280b9f184d64f2de9') in 0.002875 seconds
Number of updated asset objects reloaded before import = 0
Number of asset objects unloaded after import = 0
========================================================================
Received Import Request.
  Time since last request: 0.726969 seconds.
  path: Assets
  artifactKey: Guid(00000000000000001000000000000000) Importer(815301076,1909f56bfc062723c751e8b465ee728b)
Start importing Assets using Guid(00000000000000001000000000000000) Importer(815301076,1909f56bfc062723c751e8b465ee728b)  -> (artifact id: '8a4fe85251aa2e89732c359432baa2c3') in 0.015748 seconds
Number of updated asset objects reloaded before import = 0
Number of asset objects unloaded after import = 0
========================================================================
Received Import Request.
  Time since last request: 5.905558 seconds.
  path: Assets/B
  artifactKey: Guid(98d1f0f4e2dd738418f3529a498dada4) Importer(815301076,1909f56bfc062723c751e8b465ee728b)
Start importing Assets/B using Guid(98d1f0f4e2dd738418f3529a498dada4) Importer(815301076,1909f56bfc062723c751e8b465ee728b)  -> (artifact id: 'bd729c28678f9745da018db8317054f1') in 0.005592 seconds
Number of updated asset objects reloaded before import = 0
Number of asset objects unloaded after import = 0
========================================================================
Received Import Request.
  Time since last request: 31.511554 seconds.
  path: Assets/Materials/NewBehaviourScript.cs
  artifactKey: Guid(2df0d209e24c1c4408e18110c5c3e275) Importer(815301076,1909f56bfc062723c751e8b465ee728b)
Start importing Assets/Materials/NewBehaviourScript.cs using Guid(2df0d209e24c1c4408e18110c5c3e275) Importer(815301076,1909f56bfc062723c751e8b465ee728b)  -> (artifact id: 'f05a0353bc47719ac9274a83697b8796') in 0.001584 seconds
Number of updated asset objects reloaded before import = 0
Number of asset objects unloaded after import = 0
========================================================================
Received Import Request.
  Time since last request: 16.190258 seconds.
  path: Assets/Materials/A
  artifactKey: Guid(34cf32c35c6b1234695b8b68351a76c7) Importer(815301076,1909f56bfc062723c751e8b465ee728b)
Start importing Assets/Materials/A using Guid(34cf32c35c6b1234695b8b68351a76c7) Importer(815301076,1909f56bfc062723c751e8b465ee728b)  -> (artifact id: 'f0baa7099a39c66055d91966685386c1') in 0.008009 seconds
Number of updated asset objects reloaded before import = 0
Number of asset objects unloaded after import = 0
========================================================================
Received Import Request.
  Time since last request: 12.970228 seconds.
  path: Assets/Materials/New Folder
  artifactKey: Guid(52386d84dcbc5be49b6c82b694304874) Importer(815301076,1909f56bfc062723c751e8b465ee728b)
Start importing Assets/Materials/New Folder using Guid(52386d84dcbc5be49b6c82b694304874) Importer(815301076,1909f56bfc062723c751e8b465ee728b)  -> (artifact id: '18bc9069e986c451dadf0f7f5cd4d1f8') in 0.012929 seconds
Number of updated asset objects reloaded before import = 0
Number of asset objects unloaded after import = 0
========================================================================
Received Import Request.
  Time since last request: 2.374510 seconds.
  path: Assets/Materials/B
  artifactKey: Guid(52386d84dcbc5be49b6c82b694304874) Importer(815301076,1909f56bfc062723c751e8b465ee728b)
Start importing Assets/Materials/B using Guid(52386d84dcbc5be49b6c82b694304874) Importer(815301076,1909f56bfc062723c751e8b465ee728b)  -> (artifact id: '9c599d77802ee08f6eadac96b3289241') in 0.002855 seconds
Number of updated asset objects reloaded before import = 0
Number of asset objects unloaded after import = 0
========================================================================
Received Import Request.
  Time since last request: 11.826075 seconds.
  path: Assets/Materials/B/NewSurfaceShader.shader
  artifactKey: Guid(39391501656cb8144ac2790768b9347f) Importer(815301076,1909f56bfc062723c751e8b465ee728b)
Start importing Assets/Materials/B/NewSurfaceShader.shader using Guid(39391501656cb8144ac2790768b9347f) Importer(815301076,1909f56bfc062723c751e8b465ee728b)  -> (artifact id: 'c41a5baca2e864af673552e4e7d91861') in 0.090234 seconds
Number of updated asset objects reloaded before import = 0
Number of asset objects unloaded after import = 1
========================================================================
Received Import Request.
  Time since last request: 8.949461 seconds.
  path: Assets/Materials/B/B.mat
  artifactKey: Guid(8b283be047906ba4586204a53a4d1dcc) Importer(815301076,1909f56bfc062723c751e8b465ee728b)
Start importing Assets/Materials/B/B.mat using Guid(8b283be047906ba4586204a53a4d1dcc) Importer(815301076,1909f56bfc062723c751e8b465ee728b)  -> (artifact id: '747706de2e98e2a753509541516d873d') in 2.909475 seconds
Number of updated asset objects reloaded before import = 0
Number of asset objects unloaded after import = 1
========================================================================
Received Import Request.
  Time since last request: 0.383552 seconds.
  path: Assets/Materials/B/B.mat
  artifactKey: Guid(8b283be047906ba4586204a53a4d1dcc) Importer(815301076,1909f56bfc062723c751e8b465ee728b)
Start importing Assets/Materials/B/B.mat using Guid(8b283be047906ba4586204a53a4d1dcc) Importer(815301076,1909f56bfc062723c751e8b465ee728b)  -> (artifact id: '747706de2e98e2a753509541516d873d') in 0.530544 seconds
Number of updated asset objects reloaded before import = 0
Number of asset objects unloaded after import = 1
========================================================================
Received Import Request.
  Time since last request: 0.066306 seconds.
  path: Assets/Materials/B/B.shader
  artifactKey: Guid(39391501656cb8144ac2790768b9347f) Importer(815301076,1909f56bfc062723c751e8b465ee728b)
Start importing Assets/Materials/B/B.shader using Guid(39391501656cb8144ac2790768b9347f) Importer(815301076,1909f56bfc062723c751e8b465ee728b)  -> (artifact id: 'f28d7d3a9d23131782412c183c0b6b19') in 0.022238 seconds
Number of updated asset objects reloaded before import = 0
Number of asset objects unloaded after import = 1
========================================================================
Received Import Request.
  Time since last request: 126.198321 seconds.
  path: Assets/Materials/B/B.shader
  artifactKey: Guid(39391501656cb8144ac2790768b9347f) Importer(815301076,1909f56bfc062723c751e8b465ee728b)
Start importing Assets/Materials/B/B.shader using Guid(39391501656cb8144ac2790768b9347f) Importer(815301076,1909f56bfc062723c751e8b465ee728b)  -> (artifact id: '7755c9d877d914046870313d594c86d6') in 0.040121 seconds
Number of updated asset objects reloaded before import = 0
Number of asset objects unloaded after import = 1
========================================================================
Received Import Request.
  Time since last request: 17.311569 seconds.
  path: Assets/Materials/A/B.mat
  artifactKey: Guid(990332505e720b44db3f548ad54b636c) Importer(815301076,1909f56bfc062723c751e8b465ee728b)
Start importing Assets/Materials/A/B.mat using Guid(990332505e720b44db3f548ad54b636c) Importer(815301076,1909f56bfc062723c751e8b465ee728b)  -> (artifact id: 'fed2561bf11aa6205579b5156b3c9c05') in 1.066553 seconds
Number of updated asset objects reloaded before import = 0
Number of asset objects unloaded after import = 3
========================================================================
Received Import Request.
  Time since last request: 0.001097 seconds.
  path: Assets/Materials/A/C.mat
  artifactKey: Guid(ae6e72f318a84f04facb6c1515964b74) Importer(815301076,1909f56bfc062723c751e8b465ee728b)
Start importing Assets/Materials/A/C.mat using Guid(ae6e72f318a84f04facb6c1515964b74) Importer(815301076,1909f56bfc062723c751e8b465ee728b)  -> (artifact id: 'b781d1e795f318ca9365da7a6825c5cf') in 0.537925 seconds
Number of updated asset objects reloaded before import = 0
Number of asset objects unloaded after import = 3
========================================================================
Received Import Request.
  Time since last request: 4.721141 seconds.
  path: Assets/Materials/B/A.mat
  artifactKey: Guid(e64b29de27eb0864a8c568052bbebcf5) Importer(815301076,1909f56bfc062723c751e8b465ee728b)
Start importing Assets/Materials/B/A.mat using Guid(e64b29de27eb0864a8c568052bbebcf5) Importer(815301076,1909f56bfc062723c751e8b465ee728b)  -> (artifact id: '25b73de831f38d912af70fa6f15db3e9') in 0.275681 seconds
Number of updated asset objects reloaded before import = 0
Number of asset objects unloaded after import = 2
========================================================================
Received Import Request.
  Time since last request: 0.000050 seconds.
  path: Assets/Materials/B/B.mat
  artifactKey: Guid(8b283be047906ba4586204a53a4d1dcc) Importer(815301076,1909f56bfc062723c751e8b465ee728b)
Start importing Assets/Materials/B/B.mat using Guid(8b283be047906ba4586204a53a4d1dcc) Importer(815301076,1909f56bfc062723c751e8b465ee728b)  -> (artifact id: '381c9e46c6417e738f871e132e914bcb') in 0.526153 seconds
Number of updated asset objects reloaded before import = 0
Number of asset objects unloaded after import = 2
========================================================================
Received Import Request.
  Time since last request: 7.713788 seconds.
  path: Assets/Materials/B/B.mat
  artifactKey: Guid(e64b29de27eb0864a8c568052bbebcf5) Importer(815301076,1909f56bfc062723c751e8b465ee728b)
Start importing Assets/Materials/B/B.mat using Guid(e64b29de27eb0864a8c568052bbebcf5) Importer(815301076,1909f56bfc062723c751e8b465ee728b)  -> (artifact id: '92568c1b9d80ae236bed16a77a3ae906') in 0.660600 seconds
Number of updated asset objects reloaded before import = 0
Number of asset objects unloaded after import = 2
========================================================================
Received Import Request.
  Time since last request: 218.905900 seconds.
  path: Assets/Materials/C
  artifactKey: Guid(83411d65ecedf1c43b747c5f97afcd1f) Importer(815301076,1909f56bfc062723c751e8b465ee728b)
Start importing Assets/Materials/C using Guid(83411d65ecedf1c43b747c5f97afcd1f) Importer(815301076,1909f56bfc062723c751e8b465ee728b)  -> (artifact id: '25f8c00165e9ceec6afa0cc0b6d7957f') in 0.005967 seconds
Number of updated asset objects reloaded before import = 0
Number of asset objects unloaded after import = 0
========================================================================
Received Import Request.
  Time since last request: 1.768757 seconds.
  path: Assets/Materials/C/B.mat
  artifactKey: Guid(532c52b6bf4d446459e1036bf802f7e2) Importer(815301076,1909f56bfc062723c751e8b465ee728b)
Start importing Assets/Materials/C/B.mat using Guid(532c52b6bf4d446459e1036bf802f7e2) Importer(815301076,1909f56bfc062723c751e8b465ee728b)  -> (artifact id: 'fe32d3fa08cf356f9744f1b283e01cbe') in 0.776009 seconds
Number of updated asset objects reloaded before import = 0
Number of asset objects unloaded after import = 3
========================================================================
Received Import Request.
  Time since last request: 1.387447 seconds.
  path: Assets/Materials/C/C.mat
  artifactKey: Guid(532c52b6bf4d446459e1036bf802f7e2) Importer(815301076,1909f56bfc062723c751e8b465ee728b)
Start importing Assets/Materials/C/C.mat using Guid(532c52b6bf4d446459e1036bf802f7e2) Importer(815301076,1909f56bfc062723c751e8b465ee728b)  -> (artifact id: 'b2ca2a5dce90affcaa8c2674a89c05ce') in 0.260606 seconds
Number of updated asset objects reloaded before import = 0
Number of asset objects unloaded after import = 3
========================================================================
Received Import Request.
  Time since last request: 4.106293 seconds.
  path: Assets/Materials/B/B.mat
  artifactKey: Guid(e64b29de27eb0864a8c568052bbebcf5) Importer(815301076,1909f56bfc062723c751e8b465ee728b)
Start importing Assets/Materials/B/B.mat using Guid(e64b29de27eb0864a8c568052bbebcf5) Importer(815301076,1909f56bfc062723c751e8b465ee728b)  -> (artifact id: '9a0f5b257f91226e36f7880a052557ab') in 0.329004 seconds
Number of updated asset objects reloaded before import = 0
Number of asset objects unloaded after import = 3
========================================================================
Received Import Request.
  Time since last request: 13.845137 seconds.
  path: Assets/Materials/C/NewSurfaceShader.shader
  artifactKey: Guid(87f3dc696df54494d8a08b596e8d2641) Importer(815301076,1909f56bfc062723c751e8b465ee728b)
Start importing Assets/Materials/C/NewSurfaceShader.shader using Guid(87f3dc696df54494d8a08b596e8d2641) Importer(815301076,1909f56bfc062723c751e8b465ee728b)  -> (artifact id: '5d99715f71bee7c94581eb573d21911e') in 0.013633 seconds
Number of updated asset objects reloaded before import = 0
Number of asset objects unloaded after import = 1
========================================================================
Received Import Request.
  Time since last request: 4.803078 seconds.
  path: Assets/Materials/C/C.shader
  artifactKey: Guid(87f3dc696df54494d8a08b596e8d2641) Importer(815301076,1909f56bfc062723c751e8b465ee728b)
Start importing Assets/Materials/C/C.shader using Guid(87f3dc696df54494d8a08b596e8d2641) Importer(815301076,1909f56bfc062723c751e8b465ee728b)  -> (artifact id: '0b0bc952f40f0be744adca394742905a') in 0.030501 seconds
Number of updated asset objects reloaded before import = 0
Number of asset objects unloaded after import = 1
========================================================================
Received Import Request.
  Time since last request: 36.481073 seconds.
  path: Assets/Materials/C/NewUnlitShader.shader
  artifactKey: Guid(618c0f297f596274eb309345add27710) Importer(815301076,1909f56bfc062723c751e8b465ee728b)
Start importing Assets/Materials/C/NewUnlitShader.shader using Guid(618c0f297f596274eb309345add27710) Importer(815301076,1909f56bfc062723c751e8b465ee728b)  -> (artifact id: '4e8fc9813f173faeabf10cd0704ce5fd') in 0.026068 seconds
Number of updated asset objects reloaded before import = 0
Number of asset objects unloaded after import = 1
========================================================================
Received Import Request.
  Time since last request: 36.965905 seconds.
  path: Assets/Materials/C/C.shader
  artifactKey: Guid(618c0f297f596274eb309345add27710) Importer(815301076,1909f56bfc062723c751e8b465ee728b)
Start importing Assets/Materials/C/C.shader using Guid(618c0f297f596274eb309345add27710) Importer(815301076,1909f56bfc062723c751e8b465ee728b)  -> (artifact id: '90974ff7d5ef804512551b69942e5567') in 0.009185 seconds
Number of updated asset objects reloaded before import = 0
Number of asset objects unloaded after import = 1
========================================================================
Received Import Request.
  Time since last request: 32.579232 seconds.
  path: Assets/Materials/C/C.shader
  artifactKey: Guid(618c0f297f596274eb309345add27710) Importer(815301076,1909f56bfc062723c751e8b465ee728b)
Start importing Assets/Materials/C/C.shader using Guid(618c0f297f596274eb309345add27710) Importer(815301076,1909f56bfc062723c751e8b465ee728b)  -> (artifact id: 'a5e056152666ce47434a7fceb8159bd1') in 0.009321 seconds
Number of updated asset objects reloaded before import = 0
Number of asset objects unloaded after import = 1
========================================================================
Received Import Request.
  Time since last request: 456.454027 seconds.
  path: Assets/Materials/D
  artifactKey: Guid(813f00e2a8c142b48b91c0f9cec1cf2d) Importer(815301076,1909f56bfc062723c751e8b465ee728b)
Start importing Assets/Materials/D using Guid(813f00e2a8c142b48b91c0f9cec1cf2d) Importer(815301076,1909f56bfc062723c751e8b465ee728b)  -> (artifact id: 'ea7ce458e17c1f300c2537674b655dfa') in 0.009645 seconds
Number of updated asset objects reloaded before import = 0
Number of asset objects unloaded after import = 0
========================================================================
Received Import Request.
  Time since last request: 8.493930 seconds.
  path: Assets/Materials/D/C.mat
  artifactKey: Guid(d4349bddc7567aa4c8c8e327cd1f2db6) Importer(815301076,1909f56bfc062723c751e8b465ee728b)
Start importing Assets/Materials/D/C.mat using Guid(d4349bddc7567aa4c8c8e327cd1f2db6) Importer(815301076,1909f56bfc062723c751e8b465ee728b)  -> (artifact id: '65e5ce4218a93a439c792365cf33ac1e') in 2.896096 seconds
Number of updated asset objects reloaded before import = 0
Number of asset objects unloaded after import = 3
========================================================================
Received Import Request.
  Time since last request: 0.000584 seconds.
  path: Assets/Materials/C/C.shader
  artifactKey: Guid(618c0f297f596274eb309345add27710) Importer(815301076,1909f56bfc062723c751e8b465ee728b)
Start importing Assets/Materials/C/C.shader using Guid(618c0f297f596274eb309345add27710) Importer(815301076,1909f56bfc062723c751e8b465ee728b)  -> (artifact id: 'e334e1bc5be1dbc19fbf97cd38f50e94') in 0.028084 seconds
Number of updated asset objects reloaded before import = 0
Number of asset objects unloaded after import = 1
========================================================================
Received Import Request.
  Time since last request: 0.001874 seconds.
  path: Assets/Materials/C/C.mat
  artifactKey: Guid(532c52b6bf4d446459e1036bf802f7e2) Importer(815301076,1909f56bfc062723c751e8b465ee728b)
Start importing Assets/Materials/C/C.mat using Guid(532c52b6bf4d446459e1036bf802f7e2) Importer(815301076,1909f56bfc062723c751e8b465ee728b)  -> (artifact id: 'c7286f4dbbb10cf265a37d41ca73afe8') in 0.317642 seconds
Number of updated asset objects reloaded before import = 0
Number of asset objects unloaded after import = 3
========================================================================
Received Import Request.
  Time since last request: 19.236583 seconds.
  path: Assets/Materials/D/NewUnlitShader.shader
  artifactKey: Guid(62756c5182ca4f7479ee2c3746581f27) Importer(815301076,1909f56bfc062723c751e8b465ee728b)
Start importing Assets/Materials/D/NewUnlitShader.shader using Guid(62756c5182ca4f7479ee2c3746581f27) Importer(815301076,1909f56bfc062723c751e8b465ee728b)  -> (artifact id: '73196fbbd777e009998357a65a4e512a') in 0.014278 seconds
Number of updated asset objects reloaded before import = 0
Number of asset objects unloaded after import = 1
========================================================================
Received Import Request.
  Time since last request: 2.458190 seconds.
  path: Assets/Materials/D/D.shader
  artifactKey: Guid(62756c5182ca4f7479ee2c3746581f27) Importer(815301076,1909f56bfc062723c751e8b465ee728b)
Start importing Assets/Materials/D/D.shader using Guid(62756c5182ca4f7479ee2c3746581f27) Importer(815301076,1909f56bfc062723c751e8b465ee728b)  -> (artifact id: 'f25dd8f9976780c8b5c62b119ffc8b87') in 0.008377 seconds
Number of updated asset objects reloaded before import = 0
Number of asset objects unloaded after import = 1
========================================================================
Received Import Request.
  Time since last request: 3.185857 seconds.
  path: Assets/Materials/D/D.mat
  artifactKey: Guid(d4349bddc7567aa4c8c8e327cd1f2db6) Importer(815301076,1909f56bfc062723c751e8b465ee728b)
Start importing Assets/Materials/D/D.mat using Guid(d4349bddc7567aa4c8c8e327cd1f2db6) Importer(815301076,1909f56bfc062723c751e8b465ee728b)  -> (artifact id: '8bcfd9ab4b93104b7999249dfa893066') in 0.334938 seconds
Number of updated asset objects reloaded before import = 0
Number of asset objects unloaded after import = 3
========================================================================
Received Import Request.
  Time since last request: 540.442961 seconds.
  path: Assets/Materials/D/D.shader
  artifactKey: Guid(62756c5182ca4f7479ee2c3746581f27) Importer(815301076,1909f56bfc062723c751e8b465ee728b)
Start importing Assets/Materials/D/D.shader using Guid(62756c5182ca4f7479ee2c3746581f27) Importer(815301076,1909f56bfc062723c751e8b465ee728b)  -> (artifact id: '3fcc21c30ab0d2a937177e7afe51ec11') in 0.069148 seconds
Number of updated asset objects reloaded before import = 0
Number of asset objects unloaded after import = 1
